
> crypto-attention-lab-web@0.1.0 dev
> next dev

 ⚠ Warning: Next.js inferred your workspace root, but it may not be correct.
 We detected multiple lockfiles and selected the directory of /Users/mextrel/package-lock.json as the root directory.
 To silence this warning, set `outputFileTracingRoot` in your Next.js config, or consider removing one of the lockfiles if it's not needed.
   See https://nextjs.org/docs/app/api-reference/config/next-config-js/output#caveats for more information.
 Detected additional lockfiles: 
   * /Users/mextrel/VSCode/crypto-attention-lab/web/package-lock.json

 ⚠ Port 3000 is in use by process 76152, using available port 3001 instead.
   ▲ Next.js 15.5.6
   - Local:        http://localhost:3001
   - Network:      http://192.168.71.250:3001
   - Environments: .env.local

 ✓ Starting...
 ✓ Ready in 2.2s
 ○ Compiling / ...
 ✓ Compiled / in 1793ms (687 modules)
 GET /?id=857568d8-47d1-43ff-9c76-5ed2219c3b10&vscodeBrowserReqId=1764206070952 200 in 2439ms
 ✓ Compiled in 372ms (304 modules)
 ✓ Compiled in 815ms (687 modules)
 ✓ Compiled in 2.2s (687 modules)
 ✓ Compiled in 457ms (687 modules)
 ✓ Compiled in 1581ms (687 modules)
 ✓ Compiled in 824ms (687 modules)
 ✓ Compiled in 474ms (687 modules)
 GET / 200 in 380ms
 GET / 200 in 90ms
 GET / 200 in 45ms
 GET / 200 in 73ms
 GET / 200 in 43ms
 GET / 200 in 61ms
 GET / 200 in 41ms
 GET / 200 in 42ms
 GET / 200 in 72ms
 ✓ Compiled in 364ms (687 modules)
 GET / 200 in 128ms
 ✓ Compiled in 174ms (687 modules)
 GET / 200 in 51ms
 ✓ Compiled in 1249ms (687 modules)
 GET / 200 in 280ms
 ✓ Compiled in 945ms (687 modules)
 GET / 200 in 118ms
 ✓ Compiled in 1273ms (687 modules)
 GET / 200 in 397ms
 ✓ Compiled in 413ms (687 modules)
 GET / 200 in 63ms
 GET / 200 in 428ms
